
Showing logs for build [32mcb-kubecd-bdd-gh-1570615345-pr-1[0m stage [32mfrom-build-pack[0m and container [32mstep-credential-initializer-qjzzt[0m
{"level":"warn","ts":1570616971.4014747,"logger":"fallback-logger","caller":"logging/config.go:69","msg":"Fetch GitHub commit ID from kodata failed: \"ref: refs/heads/master\" is not a valid GitHub commit ID"}
{"level":"info","ts":1570616971.402118,"logger":"fallback-logger","caller":"creds-init/main.go:40","msg":"Credentials initialized."}

Showing logs for build [32mcb-kubecd-bdd-gh-1570615345-pr-1[0m stage [32mfrom-build-pack[0m and container [32mstep-working-dir-initializer-k5tj6[0m
{"level":"warn","ts":1570616972.752255,"logger":"fallback-logger","caller":"logging/config.go:69","msg":"Fetch GitHub commit ID from kodata failed: open /var/run/ko/HEAD: no such file or directory"}
{"level":"info","ts":1570616972.7551644,"logger":"fallback-logger","caller":"bash/main.go:65","msg":"Successfully executed command \"mkdir -p /workspace/source /workspace/source/charts/preview\""}

Showing logs for build [32mcb-kubecd-bdd-gh-1570615345-pr-1[0m stage [32mfrom-build-pack[0m and container [32mstep-place-tools[0m

Showing logs for build [32mcb-kubecd-bdd-gh-1570615345-pr-1[0m stage [32mfrom-build-pack[0m and container [32mstep-git-source-cb-kubecd-bdd-gh-1570615345-pr-4lf5g[0m
{"level":"warn","ts":1570616978.846662,"logger":"fallback-logger","caller":"logging/config.go:69","msg":"Fetch GitHub commit ID from kodata failed: \"ref: refs/heads/master\" is not a valid GitHub commit ID"}
{"level":"info","ts":1570616979.9645746,"logger":"fallback-logger","caller":"git/git.go:102","msg":"Successfully cloned https://github.com/cb-kubecd/bdd-gh-1570615345.git @ 9be25cbbc0282e552c1b3e0ea7364f4ff5c8f4f9 in path /workspace/source"}

Showing logs for build [32mcb-kubecd-bdd-gh-1570615345-pr-1[0m stage [32mfrom-build-pack[0m and container [32mstep-git-merge[0m
Using SHAs from PULL_REFS=master:c15d026fa6937fd2f4493c5786980412c4c1e876,1:9be25cbbc0282e552c1b3e0ea7364f4ff5c8f4f9
DEBUG: ran git fetch --unshallow origin 9be25cbbc0282e552c1b3e0ea7364f4ff5c8f4f9: c15d026fa6937fd2f4493c5786980412c4c1e876: in 
DEBUG: ran git checkout master in 
DEBUG: ran git reset --hard c15d026fa6937fd2f4493c5786980412c4c1e876 in 
DEBUG: ran clean --force -d . in 
DEBUG: ran git merge 9be25cbbc0282e552c1b3e0ea7364f4ff5c8f4f9 in 
Merged SHA 9be25cbbc0282e552c1b3e0ea7364f4ff5c8f4f9 with commit message 'My first PR commit' into base branch master

Showing logs for build [32mcb-kubecd-bdd-gh-1570615345-pr-1[0m stage [32mfrom-build-pack[0m and container [32mstep-build-make-linux[0m
CGO_ENABLED=0 GOOS=linux GOARCH=amd64 GO15VENDOREXPERIMENT=1 go build -ldflags '' -o bin/bdd-gh-1570615345 main.go

Showing logs for build [32mcb-kubecd-bdd-gh-1570615345-pr-1[0m stage [32mfrom-build-pack[0m and container [32mstep-build-container-build[0m
[36mINFO[0m[0000] No base image, nothing to extract            
[36mINFO[0m[0000] cmd: EXPOSE                                  
[36mINFO[0m[0000] Adding exposed port: 8080/tcp                
[36mINFO[0m[0000] Using files from context: [/workspace/source/bin] 
[36mINFO[0m[0000] Skipping unpacking as no commands require it. 
[36mINFO[0m[0000] Taking snapshot of full filesystem...        
[36mINFO[0m[0000] EXPOSE 8080                                  
[36mINFO[0m[0000] cmd: EXPOSE                                  
[36mINFO[0m[0000] Adding exposed port: 8080/tcp                
[36mINFO[0m[0000] No files changed in this command, skipping snapshotting. 
[36mINFO[0m[0000] ENTRYPOINT ["/bdd-gh-1570615345"]            
[36mINFO[0m[0000] No files changed in this command, skipping snapshotting. 
[36mINFO[0m[0000] Using files from context: [/workspace/source/bin] 
[36mINFO[0m[0000] COPY ./bin/ /                                
[36mINFO[0m[0000] Taking snapshot of files...                  
2019/10/09 10:29:52 pushed blob: sha256:6598a23f3b54231338cd4d5d94e32181c94f3c07cf07f101ea36cbc8cf03b7cb
2019/10/09 10:29:53 pushed blob: sha256:ceb7797b972afa3a7bddb8e7cb1783bcd4953d88dcfe302d494e0f7d3b2cf285
2019/10/09 10:29:54 gcr.io/jenkins-x-bdd3/bdd-gh-1570615345:0.0.0-SNAPSHOT-PR-1-1: digest: sha256:2d9f5d0f068a03526671a0a3391066ad75962cbd17077045548bb55318270aa6 size: 428

Showing logs for build [32mcb-kubecd-bdd-gh-1570615345-pr-1[0m stage [32mfrom-build-pack[0m and container [32mstep-postbuild-post-build[0m
no CVE provider running in the current ** namespace so skip adding image to be analysed

Showing logs for build [32mcb-kubecd-bdd-gh-1570615345-pr-1[0m stage [32mfrom-build-pack[0m and container [32mstep-promote-make-preview[0m
sed -i -e "s/version:.*/version: 0.0.0-SNAPSHOT-PR-1-1/" Chart.yaml
sed -i -e "s/version:.*/version: 0.0.0-SNAPSHOT-PR-1-1/" ../*/Chart.yaml
sed -i -e "s|repository:.*|repository: gcr.io\/jenkins-x-bdd3\/bdd-gh-1570615345|" values.yaml
sed -i -e "s/tag:.*/tag: 0.0.0-SNAPSHOT-PR-1-1/" values.yaml
echo "  version: 0.0.0-SNAPSHOT-PR-1-1" >> requirements.yaml
** step helm build
WARNING: No $CHART_REPOSITORY defined so using the default value of: http://jenkins-x-chartmuseum:8080
Adding missing Helm repo: storage.googleapis.com https://storage.googleapis.com/chartmuseum.jenkins-x.io
Read credentials for https://storage.googleapis.com/chartmuseum.jenkins-x.io from vault helm/repos
Successfully added Helm repository storage.googleapis.com.
Adding missing Helm repo: jenkins-x-chartmuseum http://jenkins-x-chartmuseum:8080
Read credentials for http://jenkins-x-chartmuseum:8080 from vault helm/repos
Successfully added Helm repository jenkins-x-chartmuseum.
WARNING: No $CHART_REPOSITORY defined so using the default value of: http://jenkins-x-chartmuseum:8080
Adding missing Helm repo: chartmuseum.jenkins-x.io http://chartmuseum.jenkins-x.io
Read credentials for http://chartmuseum.jenkins-x.io from vault helm/repos
Successfully added Helm repository chartmuseum.jenkins-x.io.

Showing logs for build [32mcb-kubecd-bdd-gh-1570615345-pr-1[0m stage [32mfrom-build-pack[0m and container [32mstep-promote-jx-preview[0m
Creating a preview
WARNING: No author for commit: 9be25cbbc0282e552c1b3e0ea7364f4ff5c8f4f9
Created environment cb-kubecd-bdd-gh-1570615345-pr-1
Namespace **-cb-kubecd-bdd-gh-1570615345-pr-1 created 
expose:
  Annotations:
    helm.sh/hook: post-install,post-upgrade
    helm.sh/hook-delete-policy: hook-succeeded
  config:
    domain: 34.77.185.161.nip.io
    exposer: Ingress
    http: "true"
preview:
  image:
    repository: gcr.io/jenkins-x-bdd3/bdd-gh-1570615345
    tag: 0.0.0-SNAPSHOT-PR-1-1
Deleting and cloning the Jenkins X versions repo
Cloning the Jenkins X versions repo https://github.com/cloudbees/cloudbees-jenkins-x-versions.git with revision f29ea3881040f1633663ad7a81892fbf723cc6df to /builder/home/.**/jenkins-x-versions
From https://github.com/cloudbees/cloudbees-jenkins-x-versions
 * branch            f29ea3881040f1633663ad7a81892fbf723cc6df -> FETCH_HEAD


Updating PipelineActivities cb-kubecd-bdd-gh-1570615345-pr-1-1 which has status Running
WARNING: preview application http://bdd-gh-1570615345.**-cb-kubecd-bdd-gh-1570615345-pr-1.34.77.185.161.nip.io not available, error was 503 503 Service Temporarily Unavailable, delaying for: 1.426986804s
WARNING: preview application http://bdd-gh-1570615345.**-cb-kubecd-bdd-gh-1570615345-pr-1.34.77.185.161.nip.io not available, error was 503 503 Service Temporarily Unavailable, delaying for: 1.786258247s
WARNING: preview application http://bdd-gh-1570615345.**-cb-kubecd-bdd-gh-1570615345-pr-1.34.77.185.161.nip.io not available, error was 503 503 Service Temporarily Unavailable, delaying for: 2.586351286s
Preview application is now available at: http://bdd-gh-1570615345.**-cb-kubecd-bdd-gh-1570615345-pr-1.34.77.185.161.nip.io
